<?xml version="1.0" encoding="UTF-8"?>
<!-- Generated by org.testng.reporters.JUnitReportReporter -->
<testsuite hostname="DESKTOP-8FM2397" failures="0" tests="2" name="com.training.sanity.tests.MediumUniformTests" time="8.349" errors="0" timestamp="2020-03-05T10:28:10 IST" skipped="0">
  <testcase classname="com.training.sanity.tests.MediumUniformTests" name="validLoginTest" time="1.730"/>
  <testcase classname="com.training.sanity.tests.MediumUniformTests" name="EditDeleteCategoryTest" time="6.619"/>
</testsuite> <!-- com.training.sanity.tests.MediumUniformTests -->
