<?xml version="1.0" encoding="UTF-8"?>
<!-- Generated by org.testng.reporters.JUnitReportReporter -->
<testsuite hostname="DESKTOP-8FM2397" failures="0" tests="3" name="com.training.sanity.tests.LoginTests" time="6.226" errors="0" timestamp="2020-03-10T11:19:21 IST" skipped="0">
  <testcase classname="com.training.sanity.tests.LoginTests" name="validLoginTest" time="2.703"/>
  <testcase classname="com.training.sanity.tests.LoginTests" name="disListCategories" time="1.185"/>
  <testcase classname="com.training.sanity.tests.LoginTests" name="deleteCategories" time="2.338"/>
</testsuite> <!-- com.training.sanity.tests.LoginTests -->
