<?xml version="1.0" encoding="UTF-8"?>
<!-- Generated by org.testng.reporters.JUnitReportReporter -->
<testsuite hostname="DESKTOP-8FM2397" failures="0" tests="4" name="com.training.sanity.tests.MediumUniformTests" time="17.652" errors="0" timestamp="2020-03-10T11:19:21 IST" skipped="0">
  <testcase classname="com.training.sanity.tests.MediumUniformTests" name="validLoginTest" time="1.619"/>
  <testcase classname="com.training.sanity.tests.MediumUniformTests" name="EditDeleteCategoryTest" time="5.432"/>
  <testcase classname="com.training.sanity.tests.MediumUniformTests" name="FilterProductTest" time="6.827"/>
  <testcase classname="com.training.sanity.tests.MediumUniformTests" name="AddProductTest" time="3.774"/>
</testsuite> <!-- com.training.sanity.tests.MediumUniformTests -->
