<?xml version="1.0" encoding="UTF-8"?>
<!-- Generated by org.testng.reporters.JUnitReportReporter -->
<testsuite hostname="DESKTOP-8FM2397" failures="0" tests="3" name="com.training.sanity.tests.LoginTests" time="6.277" errors="0" timestamp="2020-03-04T19:42:22 IST" skipped="0">
  <testcase classname="com.training.sanity.tests.LoginTests" name="validLoginTest" time="2.259"/>
  <testcase classname="com.training.sanity.tests.LoginTests" name="disListCategories" time="1.359"/>
  <testcase classname="com.training.sanity.tests.LoginTests" name="deleteCategories" time="2.659"/>
</testsuite> <!-- com.training.sanity.tests.LoginTests -->
