<?xml version="1.0" encoding="UTF-8"?>
<!-- Generated by org.testng.reporters.JUnitReportReporter -->
<testsuite hostname="DESKTOP-8FM2397" failures="0" tests="3" name="com.training.sanity.tests.LoginTests" time="5.808" errors="0" timestamp="2020-03-12T15:17:40 IST" skipped="0">
  <testcase classname="com.training.sanity.tests.LoginTests" name="validLoginTest" time="2.366"/>
  <testcase classname="com.training.sanity.tests.LoginTests" name="disListCategories" time="1.124"/>
  <testcase classname="com.training.sanity.tests.LoginTests" name="deleteCategories" time="2.318"/>
</testsuite> <!-- com.training.sanity.tests.LoginTests -->
