<?xml version="1.0" encoding="UTF-8"?>
<!-- Generated by org.testng.reporters.JUnitReportReporter -->
<testsuite hostname="DESKTOP-8FM2397" failures="0" tests="1" name="com.training.sanity.tests.LoginTests" time="27.068" errors="0" timestamp="2020-03-03T15:05:51 IST" skipped="0">
  <testcase classname="com.training.sanity.tests.LoginTests" name="validLoginTest" time="27.068"/>
</testsuite> <!-- com.training.sanity.tests.LoginTests -->
