<?xml version="1.0" encoding="UTF-8"?>
<!-- Generated by org.testng.reporters.JUnitReportReporter -->
<testsuite hostname="DESKTOP-8FM2397" failures="0" tests="3" name="com.training.sanity.tests.ComplexUniformTests" time="30.389" errors="0" timestamp="2020-03-13T16:12:43 IST" skipped="0">
  <testcase classname="com.training.sanity.tests.ComplexUniformTests" name="validLoginTest" time="3.431"/>
  <testcase classname="com.training.sanity.tests.ComplexUniformTests" name="shopUniformsTest_UNF_070" time="25.162"/>
  <testcase classname="com.training.sanity.tests.ComplexUniformTests" name="productRewardsPointTest_UNF_071" time="1.796"/>
</testsuite> <!-- com.training.sanity.tests.ComplexUniformTests -->
